<?xml version="1.0" encoding="UTF-8"?>
<testsuite xmlns:xsi="http://www.w3.org/2001/XMLSchema-instance" xsi:noNamespaceSchemaLocation="https://maven.apache.org/surefire/maven-surefire-plugin/xsd/surefire-test-report-3.0.xsd" version="3.0" name="com.craftinginterpreters.lox.Tests" time="0.149" tests="13" errors="0" skipped="0" failures="13">
  <properties>
[...]
</properties>
  <testcase name="break1" classname="com.craftinginterpreters.lox.Tests" time="0.061">
    <failure message="expected: &lt;0&gt; but was: &lt;0:Runtime error&gt;" type="org.opentest4j.AssertionFailedError"><![CDATA[org.opentest4j.AssertionFailedError: expected: <0> but was: <0:Runtime error>
	at org.junit.jupiter.api.AssertionFailureBuilder.build(AssertionFailureBuilder.java:151)
	at org.junit.jupiter.api.AssertionFailureBuilder.buildAndThrow(AssertionFailureBuilder.java:132)
	at org.junit.jupiter.api.AssertEquals.failNotEqual(AssertEquals.java:197)
	at org.junit.jupiter.api.AssertEquals.assertEquals(AssertEquals.java:182)
	at org.junit.jupiter.api.AssertEquals.assertEquals(AssertEquals.java:177)
	at org.junit.jupiter.api.Assertions.assertEquals(Assertions.java:1141)
	at com.craftinginterpreters.lox.Tests.outputTest(Tests.java:65)
	at com.craftinginterpreters.lox.Tests.break1(Tests.java:94)
	at java.base/java.lang.reflect.Method.invoke(Method.java:580)
	at java.base/java.util.ArrayList.forEach(ArrayList.java:1597)
	at java.base/java.util.ArrayList.forEach(ArrayList.java:1597)
]]></failure>
    <system-out><![CDATA[(var j = 0.0)
(while (< j 30.0) (block (print 0.0)(; break)(; (= j (+ j 1.0)))))
]]></system-out>
    <system-err><![CDATA[Undefined variable 'break'.
[line 1]
]]></system-err>
  </testcase>
  <testcase name="break2" classname="com.craftinginterpreters.lox.Tests" time="0.004">
    <failure message="expected: &lt;0:1:2&gt; but was: &lt;0:Runtime error&gt;" type="org.opentest4j.AssertionFailedError"><![CDATA[org.opentest4j.AssertionFailedError: expected: <0:1:2> but was: <0:Runtime error>
	at org.junit.jupiter.api.AssertionFailureBuilder.build(AssertionFailureBuilder.java:151)
	at org.junit.jupiter.api.AssertionFailureBuilder.buildAndThrow(AssertionFailureBuilder.java:132)
	at org.junit.jupiter.api.AssertEquals.failNotEqual(AssertEquals.java:197)
	at org.junit.jupiter.api.AssertEquals.assertEquals(AssertEquals.java:182)
	at org.junit.jupiter.api.AssertEquals.assertEquals(AssertEquals.java:177)
	at org.junit.jupiter.api.Assertions.assertEquals(Assertions.java:1141)
	at com.craftinginterpreters.lox.Tests.outputTest(Tests.java:65)
	at com.craftinginterpreters.lox.Tests.break2(Tests.java:98)
	at java.base/java.lang.reflect.Method.invoke(Method.java:580)
	at java.base/java.util.ArrayList.forEach(ArrayList.java:1597)
	at java.base/java.util.ArrayList.forEach(ArrayList.java:1597)
]]></failure>
    <system-out><![CDATA[(block (var i = 0.0)(while (< i 3.0) (block (block (var j = 0.0)(while (< j 30.0) (block (print i)(; break)(; (= j (+ j 1.0))))))(; (= i (+ i 1.0))))))
]]></system-out>
    <system-err><![CDATA[Undefined variable 'break'.
[line 1]
]]></system-err>
  </testcase>
  <testcase name="break3" classname="com.craftinginterpreters.lox.Tests" time="0.005">
    <failure message="expected: &lt;10:20:30:20:40:60:30:60:90&gt; but was: &lt;10:20:30:Runtime error&gt;" type="org.opentest4j.AssertionFailedError"><![CDATA[org.opentest4j.AssertionFailedError: expected: <10:20:30:20:40:60:30:60:90> but was: <10:20:30:Runtime error>
	at org.junit.jupiter.api.AssertionFailureBuilder.build(AssertionFailureBuilder.java:151)
	at org.junit.jupiter.api.AssertionFailureBuilder.buildAndThrow(AssertionFailureBuilder.java:132)
	at org.junit.jupiter.api.AssertEquals.failNotEqual(AssertEquals.java:197)
	at org.junit.jupiter.api.AssertEquals.assertEquals(AssertEquals.java:182)
	at org.junit.jupiter.api.AssertEquals.assertEquals(AssertEquals.java:177)
	at org.junit.jupiter.api.Assertions.assertEquals(Assertions.java:1141)
	at com.craftinginterpreters.lox.Tests.outputTest(Tests.java:65)
	at com.craftinginterpreters.lox.Tests.break3(Tests.java:102)
	at java.base/java.lang.reflect.Method.invoke(Method.java:580)
	at java.base/java.util.ArrayList.forEach(ArrayList.java:1597)
	at java.base/java.util.ArrayList.forEach(ArrayList.java:1597)
]]></failure>
    <system-out><![CDATA[(block (var i = 1.0)(while (< i 5.0) (block (block (block (var j = 10.0)(while (< j 50.0) (block (block (print (group (* i j)))(if (== j 30.0) (block (; break))))(; (= j (+ j 10.0))))))(if (== i 3.0) (block (; break))))(; (= i (+ i 1.0))))))
]]></system-out>
    <system-err><![CDATA[Undefined variable 'break'.
[line 5]
]]></system-err>
  </testcase>
  <testcase name="break4" classname="com.craftinginterpreters.lox.Tests" time="0.003">
    <failure message="expected: &lt;10:20:30:20:40:60:30:60:90&gt; but was: &lt;10:20:30:Runtime error&gt;" type="org.opentest4j.AssertionFailedError"><![CDATA[org.opentest4j.AssertionFailedError: expected: <10:20:30:20:40:60:30:60:90> but was: <10:20:30:Runtime error>
	at org.junit.jupiter.api.AssertionFailureBuilder.build(AssertionFailureBuilder.java:151)
	at org.junit.jupiter.api.AssertionFailureBuilder.buildAndThrow(AssertionFailureBuilder.java:132)
	at org.junit.jupiter.api.AssertEquals.failNotEqual(AssertEquals.java:197)
	at org.junit.jupiter.api.AssertEquals.assertEquals(AssertEquals.java:182)
	at org.junit.jupiter.api.AssertEquals.assertEquals(AssertEquals.java:177)
	at org.junit.jupiter.api.Assertions.assertEquals(Assertions.java:1141)
	at com.craftinginterpreters.lox.Tests.outputTest(Tests.java:65)
	at com.craftinginterpreters.lox.Tests.break4(Tests.java:119)
	at java.base/java.lang.reflect.Method.invoke(Method.java:580)
	at java.base/java.util.ArrayList.forEach(ArrayList.java:1597)
	at java.base/java.util.ArrayList.forEach(ArrayList.java:1597)
]]></failure>
    <system-out><![CDATA[(var i = 1.0)
(while (< i 5.0) (block (var j = 10.0)(while (< j 50.0) (block (print (group (* i j)))(if (== j 30.0) (block (; break)))(; (= j (+ j 10.0)))))(if (== i 3.0) (block (; break)))(; (= i (+ i 1.0)))))
]]></system-out>
    <system-err><![CDATA[Undefined variable 'break'.
[line 7]
]]></system-err>
  </testcase>
  <testcase name="break5" classname="com.craftinginterpreters.lox.Tests" time="0.003">
    <failure message="expected: &lt;0:a:b:b:a:b:b:1:a:b:b:a:b:b:2:a:b:b:a:b:b&gt; but was: &lt;0:a:b:b:Runtime error&gt;" type="org.opentest4j.AssertionFailedError"><![CDATA[org.opentest4j.AssertionFailedError: expected: <0:a:b:b:a:b:b:1:a:b:b:a:b:b:2:a:b:b:a:b:b> but was: <0:a:b:b:Runtime error>
	at org.junit.jupiter.api.AssertionFailureBuilder.build(AssertionFailureBuilder.java:151)
	at org.junit.jupiter.api.AssertionFailureBuilder.buildAndThrow(AssertionFailureBuilder.java:132)
	at org.junit.jupiter.api.AssertEquals.failNotEqual(AssertEquals.java:197)
	at org.junit.jupiter.api.AssertEquals.assertEquals(AssertEquals.java:182)
	at org.junit.jupiter.api.AssertEquals.assertEquals(AssertEquals.java:177)
	at org.junit.jupiter.api.Assertions.assertEquals(Assertions.java:1141)
	at com.craftinginterpreters.lox.Tests.outputTest(Tests.java:65)
	at com.craftinginterpreters.lox.Tests.break5(Tests.java:140)
	at java.base/java.lang.reflect.Method.invoke(Method.java:580)
	at java.base/java.util.ArrayList.forEach(ArrayList.java:1597)
	at java.base/java.util.ArrayList.forEach(ArrayList.java:1597)
]]></failure>
    <system-out><![CDATA[(block (var i = 0.0)(while (< i 10.0) (block (block (print (group i))(block (var j = 0.0)(while (< j 10.0) (block (block (print (group a))(var k = 0.0)(while (< k 10.0) (block (; (= k (+ k 1.0)))(print (group b))(if (== k 2.0) (block (; break)))))(if (== j 1.0) (block (; break))))(; (= j (+ j 1.0))))))(if (== i 2.0) (block (; break))))(; (= i (+ i 1.0))))))
]]></system-out>
    <system-err><![CDATA[Undefined variable 'break'.
[line 10]
]]></system-err>
  </testcase>
  <testcase name="anonymous1" classname="com.craftinginterpreters.lox.Tests" time="0.012">
    <failure message="expected: &lt;2&gt; but was: &lt;Parse error&gt;" type="org.opentest4j.AssertionFailedError"><![CDATA[org.opentest4j.AssertionFailedError: expected: <2> but was: <Parse error>
	at org.junit.jupiter.api.AssertionFailureBuilder.build(AssertionFailureBuilder.java:151)
	at org.junit.jupiter.api.AssertionFailureBuilder.buildAndThrow(AssertionFailureBuilder.java:132)
	at org.junit.jupiter.api.AssertEquals.failNotEqual(AssertEquals.java:197)
	at org.junit.jupiter.api.AssertEquals.assertEquals(AssertEquals.java:182)
	at org.junit.jupiter.api.AssertEquals.assertEquals(AssertEquals.java:177)
	at org.junit.jupiter.api.Assertions.assertEquals(Assertions.java:1141)
	at com.craftinginterpreters.lox.Tests.outputTest(Tests.java:65)
	at com.craftinginterpreters.lox.Tests.anonymous1(Tests.java:70)
	at java.base/java.lang.reflect.Method.invoke(Method.java:580)
	at java.base/java.util.ArrayList.forEach(ArrayList.java:1597)
	at java.base/java.util.ArrayList.forEach(ArrayList.java:1597)
]]></failure>
    <system-err><![CDATA[[line 1] Error at 'fun': Expect expression.
[line 1] Error at '}': Expect expression.
]]></system-err>
  </testcase>
  <testcase name="anonymous2" classname="com.craftinginterpreters.lox.Tests" time="0.002">
    <failure message="expected: &lt;2&gt; but was: &lt;Parse error&gt;" type="org.opentest4j.AssertionFailedError"><![CDATA[org.opentest4j.AssertionFailedError: expected: <2> but was: <Parse error>
	at org.junit.jupiter.api.AssertionFailureBuilder.build(AssertionFailureBuilder.java:151)
	at org.junit.jupiter.api.AssertionFailureBuilder.buildAndThrow(AssertionFailureBuilder.java:132)
	at org.junit.jupiter.api.AssertEquals.failNotEqual(AssertEquals.java:197)
	at org.junit.jupiter.api.AssertEquals.assertEquals(AssertEquals.java:182)
	at org.junit.jupiter.api.AssertEquals.assertEquals(AssertEquals.java:177)
	at org.junit.jupiter.api.Assertions.assertEquals(Assertions.java:1141)
	at com.craftinginterpreters.lox.Tests.outputTest(Tests.java:65)
	at com.craftinginterpreters.lox.Tests.anonymous2(Tests.java:74)
	at java.base/java.lang.reflect.Method.invoke(Method.java:580)
	at java.base/java.util.ArrayList.forEach(ArrayList.java:1597)
	at java.base/java.util.ArrayList.forEach(ArrayList.java:1597)
]]></failure>
    <system-err><![CDATA[[line 1] Error at 'fun': Expect expression.
[line 1] Error at '}': Expect expression.
]]></system-err>
  </testcase>
  <testcase name="anonymous3" classname="com.craftinginterpreters.lox.Tests" time="0.002">
    <failure message="expected: &lt;2&gt; but was: &lt;Parse error&gt;" type="org.opentest4j.AssertionFailedError"><![CDATA[org.opentest4j.AssertionFailedError: expected: <2> but was: <Parse error>
	at org.junit.jupiter.api.AssertionFailureBuilder.build(AssertionFailureBuilder.java:151)
	at org.junit.jupiter.api.AssertionFailureBuilder.buildAndThrow(AssertionFailureBuilder.java:132)
	at org.junit.jupiter.api.AssertEquals.failNotEqual(AssertEquals.java:197)
	at org.junit.jupiter.api.AssertEquals.assertEquals(AssertEquals.java:182)
	at org.junit.jupiter.api.AssertEquals.assertEquals(AssertEquals.java:177)
	at org.junit.jupiter.api.Assertions.assertEquals(Assertions.java:1141)
	at com.craftinginterpreters.lox.Tests.outputTest(Tests.java:65)
	at com.craftinginterpreters.lox.Tests.anonymous3(Tests.java:78)
	at java.base/java.lang.reflect.Method.invoke(Method.java:580)
	at java.base/java.util.ArrayList.forEach(ArrayList.java:1597)
	at java.base/java.util.ArrayList.forEach(ArrayList.java:1597)
]]></failure>
    <system-err><![CDATA[[line 1] Error at 'fun': Expect expression.
[line 1] Error at '}': Expect expression.
]]></system-err>
  </testcase>
  <testcase name="anonymous4" classname="com.craftinginterpreters.lox.Tests" time="0.002">
    <failure message="expected: &lt;&lt;fn&gt;&gt; but was: &lt;Parse error&gt;" type="org.opentest4j.AssertionFailedError"><![CDATA[org.opentest4j.AssertionFailedError: expected: <<fn>> but was: <Parse error>
	at org.junit.jupiter.api.AssertionFailureBuilder.build(AssertionFailureBuilder.java:151)
	at org.junit.jupiter.api.AssertionFailureBuilder.buildAndThrow(AssertionFailureBuilder.java:132)
	at org.junit.jupiter.api.AssertEquals.failNotEqual(AssertEquals.java:197)
	at org.junit.jupiter.api.AssertEquals.assertEquals(AssertEquals.java:182)
	at org.junit.jupiter.api.AssertEquals.assertEquals(AssertEquals.java:177)
	at org.junit.jupiter.api.Assertions.assertEquals(Assertions.java:1141)
	at com.craftinginterpreters.lox.Tests.outputTest(Tests.java:65)
	at com.craftinginterpreters.lox.Tests.anonymous4(Tests.java:82)
	at java.base/java.lang.reflect.Method.invoke(Method.java:580)
	at java.base/java.util.ArrayList.forEach(ArrayList.java:1597)
	at java.base/java.util.ArrayList.forEach(ArrayList.java:1597)
]]></failure>
    <system-err><![CDATA[[line 1] Error at 'fun': Expect expression.
[line 1] Error at '}': Expect expression.
]]></system-err>
  </testcase>
  <testcase name="anonymous5" classname="com.craftinginterpreters.lox.Tests" time="0.002">
    <failure message="expected: &lt;1&gt; but was: &lt;Parse error&gt;" type="org.opentest4j.AssertionFailedError"><![CDATA[org.opentest4j.AssertionFailedError: expected: <1> but was: <Parse error>
	at org.junit.jupiter.api.AssertionFailureBuilder.build(AssertionFailureBuilder.java:151)
	at org.junit.jupiter.api.AssertionFailureBuilder.buildAndThrow(AssertionFailureBuilder.java:132)
	at org.junit.jupiter.api.AssertEquals.failNotEqual(AssertEquals.java:197)
	at org.junit.jupiter.api.AssertEquals.assertEquals(AssertEquals.java:182)
	at org.junit.jupiter.api.AssertEquals.assertEquals(AssertEquals.java:177)
	at org.junit.jupiter.api.Assertions.assertEquals(Assertions.java:1141)
	at com.craftinginterpreters.lox.Tests.outputTest(Tests.java:65)
	at com.craftinginterpreters.lox.Tests.anonymous5(Tests.java:86)
	at java.base/java.lang.reflect.Method.invoke(Method.java:580)
	at java.base/java.util.ArrayList.forEach(ArrayList.java:1597)
	at java.base/java.util.ArrayList.forEach(ArrayList.java:1597)
]]></failure>
    <system-err><![CDATA[[line 1] Error at '(': Expect function name.
[line 1] Error at '}': Expect expression.
]]></system-err>
  </testcase>
  <testcase name="anonymous6" classname="com.craftinginterpreters.lox.Tests" time="0.002">
    <failure message="expected: &lt;&gt; but was: &lt;Parse error&gt;" type="org.opentest4j.AssertionFailedError"><![CDATA[org.opentest4j.AssertionFailedError: expected: <> but was: <Parse error>
	at org.junit.jupiter.api.AssertionFailureBuilder.build(AssertionFailureBuilder.java:151)
	at org.junit.jupiter.api.AssertionFailureBuilder.buildAndThrow(AssertionFailureBuilder.java:132)
	at org.junit.jupiter.api.AssertEquals.failNotEqual(AssertEquals.java:197)
	at org.junit.jupiter.api.AssertEquals.assertEquals(AssertEquals.java:182)
	at org.junit.jupiter.api.AssertEquals.assertEquals(AssertEquals.java:177)
	at org.junit.jupiter.api.Assertions.assertEquals(Assertions.java:1141)
	at com.craftinginterpreters.lox.Tests.outputTest(Tests.java:65)
	at com.craftinginterpreters.lox.Tests.anonymous6(Tests.java:90)
	at java.base/java.lang.reflect.Method.invoke(Method.java:580)
	at java.base/java.util.ArrayList.forEach(ArrayList.java:1597)
	at java.base/java.util.ArrayList.forEach(ArrayList.java:1597)
]]></failure>
    <system-err><![CDATA[[line 1] Error at '(': Expect function name.
[line 1] Error at '}': Expect expression.
]]></system-err>
  </testcase>
  <testcase name="breakResolve1" classname="com.craftinginterpreters.lox.Tests" time="0.002">
    <failure message="expected: &lt;Resolve error&gt; but was: &lt;Runtime error&gt;" type="org.opentest4j.AssertionFailedError"><![CDATA[org.opentest4j.AssertionFailedError: expected: <Resolve error> but was: <Runtime error>
	at org.junit.jupiter.api.AssertionFailureBuilder.build(AssertionFailureBuilder.java:151)
	at org.junit.jupiter.api.AssertionFailureBuilder.buildAndThrow(AssertionFailureBuilder.java:132)
	at org.junit.jupiter.api.AssertEquals.failNotEqual(AssertEquals.java:197)
	at org.junit.jupiter.api.AssertEquals.assertEquals(AssertEquals.java:182)
	at org.junit.jupiter.api.AssertEquals.assertEquals(AssertEquals.java:177)
	at org.junit.jupiter.api.Assertions.assertEquals(Assertions.java:1141)
	at com.craftinginterpreters.lox.Tests.outputTest(Tests.java:65)
	at com.craftinginterpreters.lox.Tests.breakResolve1(Tests.java:166)
	at java.base/java.lang.reflect.Method.invoke(Method.java:580)
	at java.base/java.util.ArrayList.forEach(ArrayList.java:1597)
	at java.base/java.util.ArrayList.forEach(ArrayList.java:1597)
]]></failure>
    <system-out><![CDATA[(; break)
]]></system-out>
    <system-err><![CDATA[Undefined variable 'break'.
[line 1]
]]></system-err>
  </testcase>
  <testcase name="breakResolve2" classname="com.craftinginterpreters.lox.Tests" time="0.003">
    <failure message="expected: &lt;Resolve error&gt; but was: &lt;&gt;" type="org.opentest4j.AssertionFailedError"><![CDATA[org.opentest4j.AssertionFailedError: expected: <Resolve error> but was: <>
	at org.junit.jupiter.api.AssertionFailureBuilder.build(AssertionFailureBuilder.java:151)
	at org.junit.jupiter.api.AssertionFailureBuilder.buildAndThrow(AssertionFailureBuilder.java:132)
	at org.junit.jupiter.api.AssertEquals.failNotEqual(AssertEquals.java:197)
	at org.junit.jupiter.api.AssertEquals.assertEquals(AssertEquals.java:182)
	at org.junit.jupiter.api.AssertEquals.assertEquals(AssertEquals.java:177)
	at org.junit.jupiter.api.Assertions.assertEquals(Assertions.java:1141)
	at com.craftinginterpreters.lox.Tests.outputTest(Tests.java:65)
	at com.craftinginterpreters.lox.Tests.breakResolve2(Tests.java:171)
	at java.base/java.lang.reflect.Method.invoke(Method.java:580)
	at java.base/java.util.ArrayList.forEach(ArrayList.java:1597)
	at java.base/java.util.ArrayList.forEach(ArrayList.java:1597)
]]></failure>
  </testcase>
</testsuite>